{"level":"info","message":"API gateway is now running on port 3000","service":"api-gateway","timestamp":"2025-12-19T19:00:53.598Z"}
{"level":"info","message":"Identity service is running on port http://localhost:3001","service":"api-gateway","timestamp":"2025-12-19T19:00:53.604Z"}
{"level":"info","message":"Redis Url: redis://127.0.0.1:6379}","service":"api-gateway","timestamp":"2025-12-19T19:00:53.605Z"}
{"level":"info","message":"API gateway is now running on port 3000","service":"api-gateway","timestamp":"2025-12-19T19:01:17.841Z"}
{"level":"info","message":"Identity service is running on port http://localhost:3001","service":"api-gateway","timestamp":"2025-12-19T19:01:17.845Z"}
{"level":"info","message":"Redis Url: redis://127.0.0.1:6379}","service":"api-gateway","timestamp":"2025-12-19T19:01:17.846Z"}
{"level":"info","message":"API gateway is now running on port 3000","service":"api-gateway","timestamp":"2025-12-19T19:01:42.590Z"}
{"level":"info","message":"Identity service is running on port http://localhost:3001","service":"api-gateway","timestamp":"2025-12-19T19:01:42.596Z"}
{"level":"info","message":"Redis Url: redis://127.0.0.1:6379","service":"api-gateway","timestamp":"2025-12-19T19:01:42.596Z"}
{"level":"info","message":"API gateway is now running on port 3000","service":"api-gateway","timestamp":"2025-12-19T19:01:50.558Z"}
{"level":"info","message":"Identity service is running on port http://localhost:3001","service":"api-gateway","timestamp":"2025-12-19T19:01:50.562Z"}
{"level":"info","message":"Redis Url: redis://127.0.0.1:6379","service":"api-gateway","timestamp":"2025-12-19T19:01:50.563Z"}
{"level":"info","message":"Received POST request to /v1/auth/register","service":"api-gateway","timestamp":"2025-12-19T19:06:40.395Z"}
{"level":"info","message":"Request body, [object Object]","service":"api-gateway","timestamp":"2025-12-19T19:06:40.456Z"}
{"level":"error","message":"TypeError: Cannot set properties of undefined (setting 'Content-type')\n    at proxyReqBodyDecorator (file:///C:/Users/User/Desktop/microservices/api-gateway/src/server.js:76:46)\n    at decorateProxyReqBody (C:\\Users\\User\\Desktop\\microservices\\api-gateway\\node_modules\\express-http-proxy\\app\\steps\\decorateProxyReqBody.js:18:14)\n    at process.processTicksAndRejections (node:internal/process/task_queues:103:5)","service":"api-gateway","timestamp":"2025-12-19T19:06:40.645Z"}
{"level":"info","message":"API gateway is now running on port 3000","service":"api-gateway","timestamp":"2025-12-20T05:47:14.912Z"}
{"level":"info","message":"Identity service is running on port http://localhost:3001","service":"api-gateway","timestamp":"2025-12-20T05:47:14.916Z"}
{"level":"info","message":"Redis Url: redis://127.0.0.1:6379","service":"api-gateway","timestamp":"2025-12-20T05:47:14.917Z"}
{"level":"info","message":"Received POST request to /v1/auth/register","service":"api-gateway","timestamp":"2025-12-20T05:47:23.407Z"}
{"level":"info","message":"Request body, [object Object]","service":"api-gateway","timestamp":"2025-12-20T05:47:23.408Z"}
{"level":"error","message":"TypeError: Cannot set properties of undefined (setting 'Content-type')\n    at proxyReqBodyDecorator (file:///C:/Users/User/Desktop/microservices/api-gateway/src/server.js:76:46)\n    at decorateProxyReqBody (C:\\Users\\User\\Desktop\\microservices\\api-gateway\\node_modules\\express-http-proxy\\app\\steps\\decorateProxyReqBody.js:18:14)\n    at process.processTicksAndRejections (node:internal/process/task_queues:103:5)","service":"api-gateway","timestamp":"2025-12-20T05:47:23.413Z"}
{"level":"info","message":"API gateway is now running on port 3000","service":"api-gateway","timestamp":"2025-12-20T05:50:26.604Z"}
{"level":"info","message":"Identity service is running on port http://localhost:3001","service":"api-gateway","timestamp":"2025-12-20T05:50:26.609Z"}
{"level":"info","message":"Redis Url: redis://127.0.0.1:6379","service":"api-gateway","timestamp":"2025-12-20T05:50:26.610Z"}
{"level":"info","message":"API gateway is now running on port 3000","service":"api-gateway","timestamp":"2025-12-20T05:51:09.423Z"}
{"level":"info","message":"Identity service is running on port http://localhost:3001","service":"api-gateway","timestamp":"2025-12-20T05:51:09.430Z"}
{"level":"info","message":"Redis Url: redis://127.0.0.1:6379","service":"api-gateway","timestamp":"2025-12-20T05:51:09.431Z"}
{"level":"info","message":"API gateway is now running on port 3000","service":"api-gateway","timestamp":"2025-12-20T05:51:32.884Z"}
{"level":"info","message":"Identity service is running on port http://localhost:3001","service":"api-gateway","timestamp":"2025-12-20T05:51:32.890Z"}
{"level":"info","message":"Redis Url: redis://127.0.0.1:6379","service":"api-gateway","timestamp":"2025-12-20T05:51:32.890Z"}
{"level":"info","message":"API gateway is now running on port 3000","service":"api-gateway","timestamp":"2025-12-20T05:51:48.443Z"}
{"level":"info","message":"Identity service is running on port http://localhost:3001","service":"api-gateway","timestamp":"2025-12-20T05:51:48.451Z"}
{"level":"info","message":"Redis Url: redis://127.0.0.1:6379","service":"api-gateway","timestamp":"2025-12-20T05:51:48.452Z"}
{"level":"info","message":"API gateway is now running on port 3000","service":"api-gateway","timestamp":"2025-12-20T05:52:31.306Z"}
{"level":"info","message":"Identity service is running on port http://localhost:3001","service":"api-gateway","timestamp":"2025-12-20T05:52:31.311Z"}
{"level":"info","message":"Redis Url: redis://127.0.0.1:6379","service":"api-gateway","timestamp":"2025-12-20T05:52:31.312Z"}
{"level":"info","message":"Received POST request to /v1/auth/register","service":"api-gateway","timestamp":"2025-12-20T05:52:37.052Z"}
{"level":"info","message":"Request body, [object Object]","service":"api-gateway","timestamp":"2025-12-20T05:52:37.053Z"}
{"level":"error","message":"AggregateError [ECONNREFUSED]: \n    at internalConnectMultiple (node:net:1134:18)\n    at afterConnectMultiple (node:net:1715:7)","service":"api-gateway","timestamp":"2025-12-20T05:52:37.067Z"}
{"level":"info","message":"Received POST request to /v1/auth/register","service":"api-gateway","timestamp":"2025-12-20T06:03:30.092Z"}
{"level":"info","message":"Request body, [object Object]","service":"api-gateway","timestamp":"2025-12-20T06:03:30.093Z"}
{"level":"info","message":"Response received from identity service: undefined","service":"api-gateway","timestamp":"2025-12-20T06:03:30.174Z"}
{"level":"error","message":"TypeError [ERR_INVALID_CHAR]: Invalid character in header content [\"next\"]\n    at ServerResponse.setHeader (node:_http_outgoing:645:3)\n    at ServerResponse.header (C:\\Users\\User\\Desktop\\microservices\\api-gateway\\node_modules\\express\\lib\\response.js:686:10)\n    at ServerResponse.header (C:\\Users\\User\\Desktop\\microservices\\api-gateway\\node_modules\\express\\lib\\response.js:689:12)\n    at C:\\Users\\User\\Desktop\\microservices\\api-gateway\\node_modules\\express-http-proxy\\app\\steps\\decorateUserResHeaders.js:23:28\n    at new Promise (<anonymous>)\n    at C:\\Users\\User\\Desktop\\microservices\\api-gateway\\node_modules\\express-http-proxy\\app\\steps\\decorateUserResHeaders.js:21:14\n    at process.processTicksAndRejections (node:internal/process/task_queues:103:5)","service":"api-gateway","timestamp":"2025-12-20T06:03:30.177Z"}
{"level":"info","message":"API gateway is now running on port 3000","service":"api-gateway","timestamp":"2025-12-20T06:08:20.563Z"}
{"level":"info","message":"Identity service is running on port http://localhost:3001","service":"api-gateway","timestamp":"2025-12-20T06:08:20.570Z"}
{"level":"info","message":"Redis Url: redis://127.0.0.1:6379","service":"api-gateway","timestamp":"2025-12-20T06:08:20.571Z"}
{"level":"info","message":"Received POST request to /v1/auth/register","service":"api-gateway","timestamp":"2025-12-20T06:08:42.872Z"}
{"level":"info","message":"Request body, [object Object]","service":"api-gateway","timestamp":"2025-12-20T06:08:42.874Z"}
{"level":"info","message":"Response received from identity service: undefined","service":"api-gateway","timestamp":"2025-12-20T06:08:42.926Z"}
{"level":"error","message":"TypeError [ERR_INVALID_CHAR]: Invalid character in header content [\"next\"]\n    at ServerResponse.setHeader (node:_http_outgoing:645:3)\n    at ServerResponse.header (C:\\Users\\User\\Desktop\\microservices\\api-gateway\\node_modules\\express\\lib\\response.js:686:10)\n    at ServerResponse.header (C:\\Users\\User\\Desktop\\microservices\\api-gateway\\node_modules\\express\\lib\\response.js:689:12)\n    at C:\\Users\\User\\Desktop\\microservices\\api-gateway\\node_modules\\express-http-proxy\\app\\steps\\decorateUserResHeaders.js:23:28\n    at new Promise (<anonymous>)\n    at C:\\Users\\User\\Desktop\\microservices\\api-gateway\\node_modules\\express-http-proxy\\app\\steps\\decorateUserResHeaders.js:21:14\n    at process.processTicksAndRejections (node:internal/process/task_queues:103:5)","service":"api-gateway","timestamp":"2025-12-20T06:08:42.929Z"}
{"level":"info","message":"API gateway is now running on port 3000","service":"api-gateway","timestamp":"2025-12-20T06:17:27.222Z"}
{"level":"info","message":"Identity service is running on port http://localhost:3001","service":"api-gateway","timestamp":"2025-12-20T06:17:27.229Z"}
{"level":"info","message":"Redis Url: redis://127.0.0.1:6379","service":"api-gateway","timestamp":"2025-12-20T06:17:27.230Z"}
{"level":"info","message":"Received POST request to /v1/auth/register","service":"api-gateway","timestamp":"2025-12-20T06:17:42.956Z"}
{"level":"info","message":"Request body, [object Object]","service":"api-gateway","timestamp":"2025-12-20T06:17:42.957Z"}
{"level":"info","message":"Response received from identity service: 404","service":"api-gateway","timestamp":"2025-12-20T06:17:43.045Z"}
{"level":"info","message":"Received POST request to /v1/auth/register","service":"api-gateway","timestamp":"2025-12-20T06:18:11.150Z"}
{"level":"info","message":"Request body, [object Object]","service":"api-gateway","timestamp":"2025-12-20T06:18:11.151Z"}
{"level":"info","message":"Response received from identity service: 404","service":"api-gateway","timestamp":"2025-12-20T06:18:11.163Z"}
{"level":"info","message":"Received POST request to /v1/auth/register","service":"api-gateway","timestamp":"2025-12-20T06:18:12.929Z"}
{"level":"info","message":"Request body, [object Object]","service":"api-gateway","timestamp":"2025-12-20T06:18:12.932Z"}
{"level":"info","message":"Response received from identity service: 404","service":"api-gateway","timestamp":"2025-12-20T06:18:12.954Z"}
{"level":"info","message":"Received POST request to /v1/auth/register","service":"api-gateway","timestamp":"2025-12-20T06:18:45.162Z"}
{"level":"info","message":"Request body, [object Object]","service":"api-gateway","timestamp":"2025-12-20T06:18:45.163Z"}
{"level":"info","message":"Response received from identity service: 404","service":"api-gateway","timestamp":"2025-12-20T06:18:45.176Z"}
{"level":"info","message":"Received POST request to /v1/auth/register","service":"api-gateway","timestamp":"2025-12-20T06:19:11.785Z"}
{"level":"info","message":"Request body, [object Object]","service":"api-gateway","timestamp":"2025-12-20T06:19:11.785Z"}
{"level":"info","message":"Response received from identity service: 404","service":"api-gateway","timestamp":"2025-12-20T06:19:11.793Z"}
{"level":"info","message":"Received POST request to /v1/auth/register","service":"api-gateway","timestamp":"2025-12-20T07:22:28.201Z"}
{"level":"info","message":"Request body, [object Object]","service":"api-gateway","timestamp":"2025-12-20T07:22:28.206Z"}
{"level":"info","message":"Response received from identity service: 404","service":"api-gateway","timestamp":"2025-12-20T07:22:28.257Z"}
{"level":"info","message":"API gateway is now running on port 3000","service":"api-gateway","timestamp":"2025-12-20T07:24:56.323Z"}
{"level":"info","message":"Identity service is running on port http://localhost:3001","service":"api-gateway","timestamp":"2025-12-20T07:24:56.337Z"}
{"level":"info","message":"Redis Url: redis://127.0.0.1:6379","service":"api-gateway","timestamp":"2025-12-20T07:24:56.341Z"}
{"level":"info","message":"Received POST request to /v1/auth/register","service":"api-gateway","timestamp":"2025-12-20T07:25:01.959Z"}
{"level":"info","message":"Request body, [object Object]","service":"api-gateway","timestamp":"2025-12-20T07:25:01.962Z"}
{"level":"info","message":"Response received from identity service: 404","service":"api-gateway","timestamp":"2025-12-20T07:25:02.012Z"}
{"level":"info","message":"Received POST request to /v1/auth/register","service":"api-gateway","timestamp":"2025-12-20T07:25:04.930Z"}
{"level":"info","message":"Request body, [object Object]","service":"api-gateway","timestamp":"2025-12-20T07:25:04.931Z"}
{"level":"info","message":"Response received from identity service: 404","service":"api-gateway","timestamp":"2025-12-20T07:25:04.942Z"}
{"level":"info","message":"API gateway is now running on port 3000","service":"api-gateway","timestamp":"2025-12-20T07:28:09.073Z"}
{"level":"info","message":"Identity service is running on port http://localhost:3001","service":"api-gateway","timestamp":"2025-12-20T07:28:09.086Z"}
{"level":"info","message":"Redis Url: redis://127.0.0.1:6379","service":"api-gateway","timestamp":"2025-12-20T07:28:09.093Z"}
{"level":"info","message":"Received POST request to /v1/auth/register","service":"api-gateway","timestamp":"2025-12-20T07:28:13.217Z"}
{"level":"info","message":"Request body, [object Object]","service":"api-gateway","timestamp":"2025-12-20T07:28:13.219Z"}
{"level":"info","message":"Response received from identity service: 400","service":"api-gateway","timestamp":"2025-12-20T07:28:13.351Z"}
{"level":"info","message":"Received POST request to /v1/auth/register","service":"api-gateway","timestamp":"2025-12-20T07:28:27.138Z"}
{"level":"info","message":"Request body, [object Object]","service":"api-gateway","timestamp":"2025-12-20T07:28:27.139Z"}
{"level":"info","message":"Response received from identity service: 201","service":"api-gateway","timestamp":"2025-12-20T07:28:31.598Z"}
{"level":"info","message":"API gateway is now running on port 3000","service":"api-gateway","timestamp":"2025-12-20T07:32:10.372Z"}
{"level":"info","message":"Identity service is running on port http://localhost:3001","service":"api-gateway","timestamp":"2025-12-20T07:32:10.428Z"}
{"level":"info","message":"Redis Url: redis://127.0.0.1:6379","service":"api-gateway","timestamp":"2025-12-20T07:32:10.474Z"}
{"level":"info","message":"API gateway is now running on port 3000","service":"api-gateway","timestamp":"2025-12-20T07:32:23.438Z"}
{"level":"info","message":"Identity service is running on port http://localhost:3001","service":"api-gateway","timestamp":"2025-12-20T07:32:23.443Z"}
{"level":"info","message":"Redis Url: redis://127.0.0.1:6379","service":"api-gateway","timestamp":"2025-12-20T07:32:23.444Z"}
{"level":"info","message":"API gateway is now running on port 3000","service":"api-gateway","timestamp":"2025-12-20T07:33:16.717Z"}
{"level":"info","message":"Identity service is running on port http://localhost:3001","service":"api-gateway","timestamp":"2025-12-20T07:33:16.724Z"}
{"level":"info","message":"Redis Url: redis://127.0.0.1:6379","service":"api-gateway","timestamp":"2025-12-20T07:33:16.726Z"}
{"level":"info","message":"Received POST request to /v1/auth/register","service":"api-gateway","timestamp":"2025-12-20T07:39:28.851Z"}
{"level":"info","message":"Request body, [object Object]","service":"api-gateway","timestamp":"2025-12-20T07:39:28.852Z"}
{"level":"info","message":"Response received from identity service: 400","service":"api-gateway","timestamp":"2025-12-20T07:39:29.435Z"}
{"level":"info","message":"Received POST request to /v1/auth/login","service":"api-gateway","timestamp":"2025-12-20T08:52:53.231Z"}
{"level":"info","message":"Request body, [object Object]","service":"api-gateway","timestamp":"2025-12-20T08:52:53.235Z"}
{"level":"info","message":"Response received from identity service: 200","service":"api-gateway","timestamp":"2025-12-20T08:52:53.947Z"}
{"level":"info","message":"Received POST request to /v1/auth/login","service":"api-gateway","timestamp":"2025-12-20T09:01:12.190Z"}
{"level":"info","message":"Request body, [object Object]","service":"api-gateway","timestamp":"2025-12-20T09:01:12.192Z"}
{"level":"info","message":"Response received from identity service: 200","service":"api-gateway","timestamp":"2025-12-20T09:01:12.758Z"}
{"level":"info","message":"Received POST request to /v1/auth/register","service":"api-gateway","timestamp":"2025-12-20T11:44:07.385Z"}
{"level":"info","message":"Request body, [object Object]","service":"api-gateway","timestamp":"2025-12-20T11:44:07.404Z"}
{"level":"info","message":"Response received from identity service: 400","service":"api-gateway","timestamp":"2025-12-20T11:44:07.513Z"}
{"level":"info","message":"Received POST request to /v1/auth/register","service":"api-gateway","timestamp":"2025-12-20T11:44:42.959Z"}
{"level":"info","message":"Request body, [object Object]","service":"api-gateway","timestamp":"2025-12-20T11:44:42.961Z"}
{"level":"info","message":"Response received from identity service: 201","service":"api-gateway","timestamp":"2025-12-20T11:44:45.015Z"}
{"level":"info","message":"Received POST request to /v1/auth/login","service":"api-gateway","timestamp":"2025-12-20T11:44:59.494Z"}
{"level":"info","message":"Request body, [object Object]","service":"api-gateway","timestamp":"2025-12-20T11:44:59.496Z"}
{"level":"info","message":"Response received from identity service: 400","service":"api-gateway","timestamp":"2025-12-20T11:44:59.745Z"}
{"level":"info","message":"Received POST request to /v1/auth/login","service":"api-gateway","timestamp":"2025-12-20T11:45:15.023Z"}
{"level":"info","message":"Request body, [object Object]","service":"api-gateway","timestamp":"2025-12-20T11:45:15.023Z"}
{"level":"info","message":"Response received from identity service: 200","service":"api-gateway","timestamp":"2025-12-20T11:45:25.754Z"}
{"level":"info","message":"API gateway is now running on port 3000","service":"api-gateway","timestamp":"2025-12-23T17:34:55.300Z"}
{"level":"info","message":"Identity service is running on port http://localhost:3001","service":"api-gateway","timestamp":"2025-12-23T17:34:55.306Z"}
{"level":"info","message":"Post service is running on port http://localhost:3002","service":"api-gateway","timestamp":"2025-12-23T17:34:55.309Z"}
{"level":"info","message":"Redis Url: redis://127.0.0.1:6379","service":"api-gateway","timestamp":"2025-12-23T17:34:55.310Z"}
{"level":"info","message":"Received POST request to /v1/posts/create-post","service":"api-gateway","timestamp":"2025-12-23T17:44:59.834Z"}
{"level":"info","message":"Request body, [object Object]","service":"api-gateway","timestamp":"2025-12-23T17:44:59.836Z"}
{"level":"warn","message":"Access attempt without token.","service":"api-gateway","timestamp":"2025-12-23T17:44:59.838Z"}
{"level":"info","message":"Received POST request to /v1/auth/login","service":"api-gateway","timestamp":"2025-12-23T17:45:50.911Z"}
{"level":"info","message":"Request body, [object Object]","service":"api-gateway","timestamp":"2025-12-23T17:45:50.912Z"}
{"level":"error","message":"Proxy error: ","service":"api-gateway","timestamp":"2025-12-23T17:45:50.929Z"}
{"level":"info","message":"Received POST request to /v1/auth/login","service":"api-gateway","timestamp":"2025-12-23T17:45:59.283Z"}
{"level":"info","message":"Request body, [object Object]","service":"api-gateway","timestamp":"2025-12-23T17:45:59.284Z"}
{"level":"error","message":"Proxy error: ","service":"api-gateway","timestamp":"2025-12-23T17:45:59.288Z"}
{"level":"info","message":"Received POST request to /v1/posts/create-post","service":"api-gateway","timestamp":"2025-12-23T17:46:04.968Z"}
{"level":"info","message":"Request body, [object Object]","service":"api-gateway","timestamp":"2025-12-23T17:46:04.968Z"}
{"level":"warn","message":"Access attempt without token.","service":"api-gateway","timestamp":"2025-12-23T17:46:04.970Z"}
{"level":"info","message":"Received POST request to /v1/auth/register","service":"api-gateway","timestamp":"2025-12-23T17:46:12.635Z"}
{"level":"info","message":"Request body, [object Object]","service":"api-gateway","timestamp":"2025-12-23T17:46:12.636Z"}
{"level":"error","message":"Proxy error: ","service":"api-gateway","timestamp":"2025-12-23T17:46:12.639Z"}
{"level":"info","message":"Received POST request to /v1/auth/register","service":"api-gateway","timestamp":"2025-12-23T17:47:03.776Z"}
{"level":"info","message":"Request body, [object Object]","service":"api-gateway","timestamp":"2025-12-23T17:47:03.776Z"}
{"level":"error","message":"Proxy error: ","service":"api-gateway","timestamp":"2025-12-23T17:47:03.779Z"}
{"level":"info","message":"Received POST request to /v1/auth/register","service":"api-gateway","timestamp":"2025-12-23T17:47:11.402Z"}
{"level":"info","message":"Request body, [object Object]","service":"api-gateway","timestamp":"2025-12-23T17:47:11.402Z"}
{"level":"error","message":"Proxy error: ","service":"api-gateway","timestamp":"2025-12-23T17:47:11.405Z"}
{"level":"info","message":"Received POST request to /v1/auth/register","service":"api-gateway","timestamp":"2025-12-23T17:47:55.792Z"}
{"level":"info","message":"Request body, [object Object]","service":"api-gateway","timestamp":"2025-12-23T17:47:55.793Z"}
{"level":"info","message":"Response received from identity service: 201","service":"api-gateway","timestamp":"2025-12-23T17:47:56.696Z"}
{"level":"info","message":"Received POST request to /v1/auth/login","service":"api-gateway","timestamp":"2025-12-23T17:48:05.456Z"}
{"level":"info","message":"Request body, [object Object]","service":"api-gateway","timestamp":"2025-12-23T17:48:05.457Z"}
{"level":"info","message":"Response received from identity service: 200","service":"api-gateway","timestamp":"2025-12-23T17:48:06.029Z"}
{"level":"info","message":"Received POST request to /v1/posts/create-post","service":"api-gateway","timestamp":"2025-12-23T17:48:51.530Z"}
{"level":"info","message":"Request body, [object Object]","service":"api-gateway","timestamp":"2025-12-23T17:48:51.530Z"}
{"level":"error","message":"Proxy error: ","service":"api-gateway","timestamp":"2025-12-23T17:48:51.538Z"}
{"level":"info","message":"Received POST request to /v1/posts/create-post","service":"api-gateway","timestamp":"2025-12-23T17:49:24.149Z"}
{"level":"info","message":"Request body, [object Object]","service":"api-gateway","timestamp":"2025-12-23T17:49:24.150Z"}
{"level":"info","message":"Response received from post service: 500","service":"api-gateway","timestamp":"2025-12-23T17:49:24.215Z"}
{"level":"error","message":"Proxy error: userResDecorator should return string or buffer as data","service":"api-gateway","timestamp":"2025-12-23T17:49:24.220Z"}
{"level":"info","message":"API gateway is now running on port 3000","service":"api-gateway","timestamp":"2025-12-24T08:24:23.992Z"}
{"level":"info","message":"Identity service is running on port http://localhost:3001","service":"api-gateway","timestamp":"2025-12-24T08:24:23.996Z"}
{"level":"info","message":"Post service is running on port http://localhost:3002","service":"api-gateway","timestamp":"2025-12-24T08:24:23.996Z"}
{"level":"info","message":"Redis Url: redis://127.0.0.1:6379","service":"api-gateway","timestamp":"2025-12-24T08:24:23.997Z"}
{"level":"info","message":"Received POST request to /v1/posts/create-post","service":"api-gateway","timestamp":"2025-12-24T08:25:15.493Z"}
{"level":"info","message":"Request body, [object Object]","service":"api-gateway","timestamp":"2025-12-24T08:25:15.494Z"}
{"level":"warn","message":"Access attempt without token.","service":"api-gateway","timestamp":"2025-12-24T08:25:15.495Z"}
{"level":"info","message":"Received POST request to /v1/posts/create-post","service":"api-gateway","timestamp":"2025-12-24T08:26:12.566Z"}
{"level":"info","message":"Request body, [object Object]","service":"api-gateway","timestamp":"2025-12-24T08:26:12.568Z"}
{"level":"warn","message":"Invalid token.","service":"api-gateway","timestamp":"2025-12-24T08:26:12.582Z"}
{"level":"info","message":"Received POST request to /v1/auth/login","service":"api-gateway","timestamp":"2025-12-24T08:26:21.923Z"}
{"level":"info","message":"Request body, [object Object]","service":"api-gateway","timestamp":"2025-12-24T08:26:21.925Z"}
{"level":"info","message":"Response received from identity service: 200","service":"api-gateway","timestamp":"2025-12-24T08:26:22.697Z"}
{"level":"info","message":"Received POST request to /v1/posts/create-post","service":"api-gateway","timestamp":"2025-12-24T08:26:52.012Z"}
{"level":"info","message":"Request body, [object Object]","service":"api-gateway","timestamp":"2025-12-24T08:26:52.012Z"}
{"level":"info","message":"Response received from post service: 500","service":"api-gateway","timestamp":"2025-12-24T08:26:52.090Z"}
{"level":"error","message":"Proxy error: userResDecorator should return string or buffer as data","service":"api-gateway","timestamp":"2025-12-24T08:26:52.091Z"}
{"level":"info","message":"API gateway is now running on port 3000","service":"api-gateway","timestamp":"2025-12-24T08:29:54.284Z"}
{"level":"info","message":"Identity service is running on port http://localhost:3001","service":"api-gateway","timestamp":"2025-12-24T08:29:54.291Z"}
{"level":"info","message":"Post service is running on port http://localhost:3002","service":"api-gateway","timestamp":"2025-12-24T08:29:54.292Z"}
{"level":"info","message":"Redis Url: redis://127.0.0.1:6379","service":"api-gateway","timestamp":"2025-12-24T08:29:54.293Z"}
{"level":"info","message":"Received POST request to /v1/posts/create-post","service":"api-gateway","timestamp":"2025-12-24T08:30:01.495Z"}
{"level":"info","message":"Request body, [object Object]","service":"api-gateway","timestamp":"2025-12-24T08:30:01.496Z"}
{"level":"info","message":"Response received from post service: 500","service":"api-gateway","timestamp":"2025-12-24T08:30:01.519Z"}
{"level":"info","message":"Received POST request to /v1/posts/create-post","service":"api-gateway","timestamp":"2025-12-24T08:40:21.756Z"}
{"level":"info","message":"Request body, [object Object]","service":"api-gateway","timestamp":"2025-12-24T08:40:21.758Z"}
{"level":"info","message":"Response received from post service: 500","service":"api-gateway","timestamp":"2025-12-24T08:40:21.784Z"}
{"level":"info","message":"Received POST request to /v1/posts/create-post","service":"api-gateway","timestamp":"2025-12-24T08:43:05.486Z"}
{"level":"info","message":"Request body, [object Object]","service":"api-gateway","timestamp":"2025-12-24T08:43:05.487Z"}
{"level":"info","message":"Response received from post service: 500","service":"api-gateway","timestamp":"2025-12-24T08:43:05.499Z"}
{"level":"info","message":"Received POST request to /v1/posts/create-post","service":"api-gateway","timestamp":"2025-12-24T08:43:09.023Z"}
{"level":"info","message":"Request body, [object Object]","service":"api-gateway","timestamp":"2025-12-24T08:43:09.023Z"}
{"level":"info","message":"Response received from post service: 500","service":"api-gateway","timestamp":"2025-12-24T08:43:09.035Z"}
{"level":"info","message":"Received POST request to /v1/posts/create-post","service":"api-gateway","timestamp":"2025-12-24T08:46:15.436Z"}
{"level":"info","message":"Request body, [object Object]","service":"api-gateway","timestamp":"2025-12-24T08:46:15.437Z"}
{"level":"info","message":"Response received from post service: 201","service":"api-gateway","timestamp":"2025-12-24T08:46:15.765Z"}
{"level":"info","message":"Received GET request to /v1/posts/all-posts","service":"api-gateway","timestamp":"2025-12-24T10:54:38.333Z"}
{"level":"info","message":"Request body, [object Object]","service":"api-gateway","timestamp":"2025-12-24T10:54:38.356Z"}
{"level":"warn","message":"Invalid token.","service":"api-gateway","timestamp":"2025-12-24T10:54:38.399Z"}
{"level":"info","message":"Received GET request to /v1/posts/all-posts","service":"api-gateway","timestamp":"2025-12-24T10:55:12.825Z"}
{"level":"info","message":"Request body, [object Object]","service":"api-gateway","timestamp":"2025-12-24T10:55:12.825Z"}
{"level":"warn","message":"Invalid token.","service":"api-gateway","timestamp":"2025-12-24T10:55:12.828Z"}
{"level":"info","message":"Received POST request to /v1/auth/login","service":"api-gateway","timestamp":"2025-12-24T10:55:26.016Z"}
{"level":"info","message":"Request body, [object Object]","service":"api-gateway","timestamp":"2025-12-24T10:55:26.016Z"}
{"level":"info","message":"Response received from identity service: 200","service":"api-gateway","timestamp":"2025-12-24T10:55:28.539Z"}
{"level":"info","message":"Received GET request to /v1/posts/all-posts","service":"api-gateway","timestamp":"2025-12-24T10:55:48.565Z"}
{"level":"info","message":"Request body, [object Object]","service":"api-gateway","timestamp":"2025-12-24T10:55:48.566Z"}
{"level":"info","message":"Response received from post service: 200","service":"api-gateway","timestamp":"2025-12-24T10:55:49.203Z"}
{"level":"info","message":"Received GET request to /v1/posts/all-posts","service":"api-gateway","timestamp":"2025-12-24T10:56:51.766Z"}
{"level":"info","message":"Request body, [object Object]","service":"api-gateway","timestamp":"2025-12-24T10:56:51.767Z"}
{"level":"info","message":"Response received from post service: 200","service":"api-gateway","timestamp":"2025-12-24T10:56:52.224Z"}
{"level":"info","message":"Received GET request to /v1/posts/all-posts","service":"api-gateway","timestamp":"2025-12-24T10:56:54.458Z"}
{"level":"info","message":"Request body, [object Object]","service":"api-gateway","timestamp":"2025-12-24T10:56:54.459Z"}
{"level":"info","message":"Response received from post service: 200","service":"api-gateway","timestamp":"2025-12-24T10:56:54.926Z"}
{"level":"info","message":"Received GET request to /v1/posts/all-posts","service":"api-gateway","timestamp":"2025-12-24T11:10:40.849Z"}
{"level":"info","message":"Request body, [object Object]","service":"api-gateway","timestamp":"2025-12-24T11:10:40.853Z"}
{"level":"info","message":"Response received from post service: 200","service":"api-gateway","timestamp":"2025-12-24T11:10:52.675Z"}
{"level":"info","message":"Received GET request to /v1/posts/all-posts","service":"api-gateway","timestamp":"2025-12-24T11:11:02.856Z"}
{"level":"info","message":"Request body, [object Object]","service":"api-gateway","timestamp":"2025-12-24T11:11:02.857Z"}
{"level":"info","message":"Response received from post service: 200","service":"api-gateway","timestamp":"2025-12-24T11:11:03.277Z"}
{"level":"info","message":"Received GET request to /v1/posts/all-posts","service":"api-gateway","timestamp":"2025-12-24T11:11:06.026Z"}
{"level":"info","message":"Request body, [object Object]","service":"api-gateway","timestamp":"2025-12-24T11:11:06.027Z"}
{"level":"info","message":"Response received from post service: 200","service":"api-gateway","timestamp":"2025-12-24T11:11:06.464Z"}
{"level":"info","message":"Received POST request to /v1/posts/create-post","service":"api-gateway","timestamp":"2025-12-24T11:11:31.441Z"}
{"level":"info","message":"Request body, [object Object]","service":"api-gateway","timestamp":"2025-12-24T11:11:31.441Z"}
{"level":"warn","message":"Invalid token.","service":"api-gateway","timestamp":"2025-12-24T11:11:31.443Z"}
{"level":"info","message":"Received GET request to /v1/posts/all-posts","service":"api-gateway","timestamp":"2025-12-24T11:11:43.973Z"}
{"level":"info","message":"Request body, [object Object]","service":"api-gateway","timestamp":"2025-12-24T11:11:43.973Z"}
{"level":"info","message":"Response received from post service: 200","service":"api-gateway","timestamp":"2025-12-24T11:11:53.581Z"}
{"level":"info","message":"Received POST request to /v1/posts/create-post","service":"api-gateway","timestamp":"2025-12-24T11:12:20.536Z"}
{"level":"info","message":"Request body, [object Object]","service":"api-gateway","timestamp":"2025-12-24T11:12:20.537Z"}
{"level":"info","message":"Response received from post service: 201","service":"api-gateway","timestamp":"2025-12-24T11:12:35.119Z"}
{"level":"info","message":"Received POST request to /v1/posts/create-post","service":"api-gateway","timestamp":"2025-12-24T11:12:56.226Z"}
{"level":"info","message":"Request body, [object Object]","service":"api-gateway","timestamp":"2025-12-24T11:12:56.228Z"}
{"level":"info","message":"Response received from post service: 201","service":"api-gateway","timestamp":"2025-12-24T11:12:57.241Z"}
{"level":"info","message":"Received POST request to /v1/posts/create-post","service":"api-gateway","timestamp":"2025-12-24T11:13:03.147Z"}
{"level":"info","message":"Request body, [object Object]","service":"api-gateway","timestamp":"2025-12-24T11:13:03.147Z"}
{"level":"info","message":"Response received from post service: 201","service":"api-gateway","timestamp":"2025-12-24T11:13:03.389Z"}
{"level":"info","message":"Received GET request to /v1/posts/all-posts","service":"api-gateway","timestamp":"2025-12-24T11:13:14.554Z"}
{"level":"info","message":"Request body, [object Object]","service":"api-gateway","timestamp":"2025-12-24T11:13:14.555Z"}
{"level":"info","message":"Response received from post service: 200","service":"api-gateway","timestamp":"2025-12-24T11:13:15.003Z"}
{"level":"info","message":"Received GET request to /v1/posts/all-posts","service":"api-gateway","timestamp":"2025-12-24T11:13:26.355Z"}
{"level":"info","message":"Request body, [object Object]","service":"api-gateway","timestamp":"2025-12-24T11:13:26.356Z"}
{"level":"info","message":"Response received from post service: 200","service":"api-gateway","timestamp":"2025-12-24T11:13:26.780Z"}
{"level":"info","message":"Received GET request to /v1/posts/all-posts","service":"api-gateway","timestamp":"2025-12-24T11:13:28.625Z"}
{"level":"info","message":"Request body, [object Object]","service":"api-gateway","timestamp":"2025-12-24T11:13:28.626Z"}
{"level":"info","message":"Response received from post service: 200","service":"api-gateway","timestamp":"2025-12-24T11:13:29.046Z"}
{"level":"info","message":"Received GET request to /v1/posts/all-posts","service":"api-gateway","timestamp":"2025-12-24T11:13:30.622Z"}
{"level":"info","message":"Request body, [object Object]","service":"api-gateway","timestamp":"2025-12-24T11:13:30.624Z"}
{"level":"info","message":"Response received from post service: 200","service":"api-gateway","timestamp":"2025-12-24T11:13:31.050Z"}
{"level":"info","message":"Received GET request to /v1/posts/all-posts","service":"api-gateway","timestamp":"2025-12-24T11:13:32.615Z"}
{"level":"info","message":"Request body, [object Object]","service":"api-gateway","timestamp":"2025-12-24T11:13:32.615Z"}
{"level":"info","message":"Response received from post service: 200","service":"api-gateway","timestamp":"2025-12-24T11:13:33.036Z"}
{"level":"info","message":"Received GET request to /v1/posts/all-posts","service":"api-gateway","timestamp":"2025-12-24T11:13:34.640Z"}
{"level":"info","message":"Request body, [object Object]","service":"api-gateway","timestamp":"2025-12-24T11:13:34.641Z"}
{"level":"info","message":"Response received from post service: 200","service":"api-gateway","timestamp":"2025-12-24T11:13:35.055Z"}
{"level":"info","message":"Received GET request to /v1/posts/","service":"api-gateway","timestamp":"2025-12-24T11:45:44.345Z"}
{"level":"info","message":"Request body, undefined","service":"api-gateway","timestamp":"2025-12-24T11:45:44.355Z"}
{"level":"info","message":"Response received from post service: 404","service":"api-gateway","timestamp":"2025-12-24T11:45:44.481Z"}
{"level":"info","message":"Received GET request to /v1/posts","service":"api-gateway","timestamp":"2025-12-24T11:46:38.797Z"}
{"level":"info","message":"Request body, [object Object]","service":"api-gateway","timestamp":"2025-12-24T11:46:38.798Z"}
{"level":"info","message":"Response received from post service: 404","service":"api-gateway","timestamp":"2025-12-24T11:46:38.813Z"}
{"level":"info","message":"Received GET request to /v1/posts/694bca944c0df077e80e6760","service":"api-gateway","timestamp":"2025-12-24T11:47:06.642Z"}
{"level":"info","message":"Request body, [object Object]","service":"api-gateway","timestamp":"2025-12-24T11:47:06.643Z"}
{"level":"info","message":"Response received from post service: 200","service":"api-gateway","timestamp":"2025-12-24T11:47:09.290Z"}
{"level":"info","message":"Received GET request to /v1/posts/694bca944c0df077e80e6760","service":"api-gateway","timestamp":"2025-12-24T11:47:29.935Z"}
{"level":"info","message":"Request body, [object Object]","service":"api-gateway","timestamp":"2025-12-24T11:47:29.944Z"}
{"level":"info","message":"Response received from post service: 200","service":"api-gateway","timestamp":"2025-12-24T11:47:30.210Z"}
{"level":"info","message":"Received GET request to /v1/posts/694bca944c0df077e80e6760","service":"api-gateway","timestamp":"2025-12-24T11:47:33.800Z"}
{"level":"info","message":"Request body, [object Object]","service":"api-gateway","timestamp":"2025-12-24T11:47:33.802Z"}
{"level":"info","message":"Response received from post service: 200","service":"api-gateway","timestamp":"2025-12-24T11:47:34.032Z"}
{"level":"info","message":"Received GET request to /v1/posts/694bca944c0df077e80e6760","service":"api-gateway","timestamp":"2025-12-24T12:46:35.942Z"}
{"level":"info","message":"Request body, [object Object]","service":"api-gateway","timestamp":"2025-12-24T12:46:35.955Z"}
{"level":"warn","message":"Invalid token.","service":"api-gateway","timestamp":"2025-12-24T12:46:35.975Z"}
{"level":"info","message":"Received POST request to /v1/auth/login","service":"api-gateway","timestamp":"2025-12-24T12:46:44.644Z"}
{"level":"info","message":"Request body, [object Object]","service":"api-gateway","timestamp":"2025-12-24T12:46:44.648Z"}
{"level":"info","message":"Response received from identity service: 200","service":"api-gateway","timestamp":"2025-12-24T12:47:11.223Z"}
{"level":"info","message":"Received GET request to /v1/posts","service":"api-gateway","timestamp":"2025-12-24T12:48:26.205Z"}
{"level":"info","message":"Request body, undefined","service":"api-gateway","timestamp":"2025-12-24T12:48:26.206Z"}
{"level":"info","message":"Response received from post service: 404","service":"api-gateway","timestamp":"2025-12-24T12:48:26.272Z"}
{"level":"info","message":"Received GET request to /v1/posts/694bca944c0df077e80e6760","service":"api-gateway","timestamp":"2025-12-24T12:48:50.281Z"}
{"level":"info","message":"Request body, undefined","service":"api-gateway","timestamp":"2025-12-24T12:48:50.281Z"}
{"level":"info","message":"Response received from post service: 200","service":"api-gateway","timestamp":"2025-12-24T12:48:50.527Z"}
{"level":"info","message":"Received GET request to /v1/posts/all-posts","service":"api-gateway","timestamp":"2025-12-24T12:49:11.217Z"}
{"level":"info","message":"Request body, [object Object]","service":"api-gateway","timestamp":"2025-12-24T12:49:11.217Z"}
{"level":"warn","message":"Invalid token.","service":"api-gateway","timestamp":"2025-12-24T12:49:11.218Z"}
{"level":"info","message":"Received GET request to /v1/posts/all-posts","service":"api-gateway","timestamp":"2025-12-24T12:49:32.469Z"}
{"level":"info","message":"Request body, [object Object]","service":"api-gateway","timestamp":"2025-12-24T12:49:32.471Z"}
{"level":"info","message":"Response received from post service: 200","service":"api-gateway","timestamp":"2025-12-24T12:49:32.937Z"}
{"level":"info","message":"Received DELETE request to /v1/posts/694bca944c0df077e80e6760","service":"api-gateway","timestamp":"2025-12-24T12:50:00.496Z"}
{"level":"info","message":"Request body, undefined","service":"api-gateway","timestamp":"2025-12-24T12:50:00.496Z"}
{"level":"info","message":"Response received from post service: 200","service":"api-gateway","timestamp":"2025-12-24T12:50:04.503Z"}
{"level":"info","message":"Received GET request to /v1/posts/all-posts","service":"api-gateway","timestamp":"2025-12-24T12:50:10.732Z"}
{"level":"info","message":"Request body, [object Object]","service":"api-gateway","timestamp":"2025-12-24T12:50:10.732Z"}
{"level":"info","message":"Response received from post service: 200","service":"api-gateway","timestamp":"2025-12-24T12:50:11.217Z"}
