{"level":"info","message":"Identity service running on 3001","service":"identity-service","timestamp":"2025-12-18T19:45:49.277Z"}
{"level":"info","message":"Connected to MongoDB","service":"identity-service","timestamp":"2025-12-18T19:45:52.090Z"}
{"level":"info","message":"Identity service running on 3001","service":"identity-service","timestamp":"2025-12-18T19:50:55.289Z"}
{"level":"info","message":"Received POST request to /api/auth/register","service":"identity-service","timestamp":"2025-12-18T19:51:00.277Z"}
{"level":"info","message":"Request body, [object Object]","service":"identity-service","timestamp":"2025-12-18T19:51:00.278Z"}
{"level":"info","message":"Registration endpoint hit","service":"identity-service","timestamp":"2025-12-18T19:51:00.292Z"}
{"level":"info","message":"Connected to MongoDB","service":"identity-service","timestamp":"2025-12-18T19:51:00.735Z"}
{"buffer":{"data":[105,68,91,38,91,194,112,238,244,143,217,60],"type":"Buffer"},"level":"warn","message":"User saved successfully.","service":"identity-service","timestamp":"2025-12-18T19:51:02.651Z"}
{"level":"info","message":"Identity service running on 3001","service":"identity-service","timestamp":"2025-12-18T19:52:21.333Z"}
{"level":"info","message":"Connected to MongoDB","service":"identity-service","timestamp":"2025-12-18T19:52:23.962Z"}
{"level":"info","message":"Received POST request to /api/auth/register","service":"identity-service","timestamp":"2025-12-18T19:56:05.127Z"}
{"level":"info","message":"Request body, [object Object]","service":"identity-service","timestamp":"2025-12-18T19:56:05.128Z"}
{"level":"info","message":"Registration endpoint hit","service":"identity-service","timestamp":"2025-12-18T19:56:05.140Z"}
{"buffer":{"data":[105,68,92,85,88,113,149,132,116,84,250,231],"type":"Buffer"},"level":"info","message":"User saved successfully.","service":"identity-service","timestamp":"2025-12-18T19:56:05.852Z"}
{"level":"info","message":"Received POST request to /api/auth/register","service":"identity-service","timestamp":"2025-12-18T20:16:38.808Z"}
{"level":"info","message":"Request body, [object Object]","service":"identity-service","timestamp":"2025-12-18T20:16:38.819Z"}
{"level":"info","message":"Registration endpoint hit","service":"identity-service","timestamp":"2025-12-18T20:16:38.893Z"}
{"0":"\"","1":"p","10":" ","11":"l","12":"e","13":"n","14":"g","15":"t","16":"h","17":" ","18":"m","19":"u","2":"a","20":"s","21":"t","22":" ","23":"b","24":"e","25":" ","26":"a","27":"t","28":" ","29":"l","3":"s","30":"e","31":"a","32":"s","33":"t","34":" ","35":"6","36":" ","37":"c","38":"h","39":"a","4":"s","40":"r","41":"a","42":"c","43":"t","44":"e","45":"r","46":"s","47":" ","48":"l","49":"o","5":"w","50":"n","51":"g","6":"o","7":"r","8":"d","9":"\"","level":"warn","message":"Validation error","service":"identity-service","timestamp":"2025-12-18T20:16:38.933Z"}
{"level":"info","message":"Identity service running on 3001","service":"identity-service","timestamp":"2025-12-20T06:03:23.433Z"}
{"level":"info","message":"Connected to MongoDB","service":"identity-service","timestamp":"2025-12-20T06:03:26.870Z"}
{"level":"info","message":"Received POST request to /register","service":"identity-service","timestamp":"2025-12-20T06:03:30.153Z"}
{"level":"info","message":"Request body, [object Object]","service":"identity-service","timestamp":"2025-12-20T06:03:30.155Z"}
{"level":"info","message":"Received POST request to /api/auth","service":"identity-service","timestamp":"2025-12-20T06:04:56.011Z"}
{"level":"info","message":"Request body, [object Object]","service":"identity-service","timestamp":"2025-12-20T06:04:56.012Z"}
{"level":"info","message":"Received POST request to /api/auth/register","service":"identity-service","timestamp":"2025-12-20T06:05:08.194Z"}
{"level":"info","message":"Request body, [object Object]","service":"identity-service","timestamp":"2025-12-20T06:05:08.196Z"}
{"level":"info","message":"Registration endpoint hit","service":"identity-service","timestamp":"2025-12-20T06:05:08.219Z"}
{"0":"\"","1":"p","10":" ","11":"l","12":"e","13":"n","14":"g","15":"t","16":"h","17":" ","18":"m","19":"u","2":"a","20":"s","21":"t","22":" ","23":"b","24":"e","25":" ","26":"a","27":"t","28":" ","29":"l","3":"s","30":"e","31":"a","32":"s","33":"t","34":" ","35":"6","36":" ","37":"c","38":"h","39":"a","4":"s","40":"r","41":"a","42":"c","43":"t","44":"e","45":"r","46":"s","47":" ","48":"l","49":"o","5":"w","50":"n","51":"g","6":"o","7":"r","8":"d","9":"\"","level":"warn","message":"Validation error","service":"identity-service","timestamp":"2025-12-20T06:05:08.247Z"}
{"level":"info","message":"Received POST request to /register","service":"identity-service","timestamp":"2025-12-20T06:08:42.917Z"}
{"level":"info","message":"Request body, [object Object]","service":"identity-service","timestamp":"2025-12-20T06:08:42.918Z"}
{"level":"info","message":"Identity service running on 3001","service":"identity-service","timestamp":"2025-12-20T06:16:10.522Z"}
{"level":"info","message":"Connected to MongoDB","service":"identity-service","timestamp":"2025-12-20T06:16:13.797Z"}
{"level":"info","message":"Received POST request to /register","service":"identity-service","timestamp":"2025-12-20T06:17:43.028Z"}
{"level":"info","message":"Request body, [object Object]","service":"identity-service","timestamp":"2025-12-20T06:17:43.029Z"}
{"level":"info","message":"Received POST request to /register","service":"identity-service","timestamp":"2025-12-20T06:18:11.157Z"}
{"level":"info","message":"Request body, [object Object]","service":"identity-service","timestamp":"2025-12-20T06:18:11.158Z"}
{"level":"info","message":"Received POST request to /register","service":"identity-service","timestamp":"2025-12-20T06:18:12.944Z"}
{"level":"info","message":"Request body, [object Object]","service":"identity-service","timestamp":"2025-12-20T06:18:12.948Z"}
{"level":"info","message":"Received POST request to /register","service":"identity-service","timestamp":"2025-12-20T06:18:45.169Z"}
{"level":"info","message":"Request body, [object Object]","service":"identity-service","timestamp":"2025-12-20T06:18:45.171Z"}
{"level":"info","message":"Received POST request to /register","service":"identity-service","timestamp":"2025-12-20T06:19:11.789Z"}
{"level":"info","message":"Request body, [object Object]","service":"identity-service","timestamp":"2025-12-20T06:19:11.790Z"}
{"level":"info","message":"Received POST request to /register","service":"identity-service","timestamp":"2025-12-20T07:22:28.226Z"}
{"level":"info","message":"Request body, [object Object]","service":"identity-service","timestamp":"2025-12-20T07:22:28.233Z"}
{"level":"info","message":"Received POST request to /register","service":"identity-service","timestamp":"2025-12-20T07:25:02.000Z"}
{"level":"info","message":"Request body, [object Object]","service":"identity-service","timestamp":"2025-12-20T07:25:02.001Z"}
{"level":"info","message":"Received POST request to /register","service":"identity-service","timestamp":"2025-12-20T07:25:04.937Z"}
{"level":"info","message":"Request body, [object Object]","service":"identity-service","timestamp":"2025-12-20T07:25:04.938Z"}
{"level":"info","message":"Received POST request to /api/auth/register","service":"identity-service","timestamp":"2025-12-20T07:28:13.260Z"}
{"level":"info","message":"Request body, [object Object]","service":"identity-service","timestamp":"2025-12-20T07:28:13.263Z"}
{"level":"info","message":"Registration endpoint hit","service":"identity-service","timestamp":"2025-12-20T07:28:13.286Z"}
{"0":"\"","1":"p","10":" ","11":"l","12":"e","13":"n","14":"g","15":"t","16":"h","17":" ","18":"m","19":"u","2":"a","20":"s","21":"t","22":" ","23":"b","24":"e","25":" ","26":"a","27":"t","28":" ","29":"l","3":"s","30":"e","31":"a","32":"s","33":"t","34":" ","35":"6","36":" ","37":"c","38":"h","39":"a","4":"s","40":"r","41":"a","42":"c","43":"t","44":"e","45":"r","46":"s","47":" ","48":"l","49":"o","5":"w","50":"n","51":"g","6":"o","7":"r","8":"d","9":"\"","level":"warn","message":"Validation error","service":"identity-service","timestamp":"2025-12-20T07:28:13.330Z"}
{"level":"info","message":"Received POST request to /api/auth/register","service":"identity-service","timestamp":"2025-12-20T07:28:27.145Z"}
{"level":"info","message":"Request body, [object Object]","service":"identity-service","timestamp":"2025-12-20T07:28:27.145Z"}
{"level":"info","message":"Registration endpoint hit","service":"identity-service","timestamp":"2025-12-20T07:28:27.151Z"}
{"buffer":{"data":[105,70,80,30,22,139,218,212,214,171,22,36],"type":"Buffer"},"level":"info","message":"User saved successfully.","service":"identity-service","timestamp":"2025-12-20T07:28:31.371Z"}
{"level":"info","message":"Received POST request to /api/auth/register","service":"identity-service","timestamp":"2025-12-20T07:39:28.869Z"}
{"level":"info","message":"Request body, [object Object]","service":"identity-service","timestamp":"2025-12-20T07:39:28.870Z"}
{"level":"info","message":"Registration endpoint hit","service":"identity-service","timestamp":"2025-12-20T07:39:28.876Z"}
{"level":"warn","message":"User already exists.","service":"identity-service","timestamp":"2025-12-20T07:39:29.430Z"}
{"level":"info","message":"Identity service running on 3001","service":"identity-service","timestamp":"2025-12-20T07:45:30.174Z"}
{"level":"info","message":"Connected to MongoDB","service":"identity-service","timestamp":"2025-12-20T07:45:32.677Z"}
{"level":"info","message":"Identity service running on 3001","service":"identity-service","timestamp":"2025-12-20T07:45:56.846Z"}
{"level":"info","message":"Connected to MongoDB","service":"identity-service","timestamp":"2025-12-20T07:45:58.906Z"}
{"level":"info","message":"Identity service running on 3001","service":"identity-service","timestamp":"2025-12-20T07:46:11.118Z"}
{"level":"info","message":"Connected to MongoDB","service":"identity-service","timestamp":"2025-12-20T07:46:13.395Z"}
{"level":"info","message":"Identity service running on 3001","service":"identity-service","timestamp":"2025-12-20T07:47:08.955Z"}
{"level":"info","message":"Connected to MongoDB","service":"identity-service","timestamp":"2025-12-20T07:47:11.788Z"}
{"level":"info","message":"Identity service running on 3001","service":"identity-service","timestamp":"2025-12-20T07:47:24.233Z"}
{"level":"info","message":"Connected to MongoDB","service":"identity-service","timestamp":"2025-12-20T07:47:26.325Z"}
{"level":"info","message":"Identity service running on 3001","service":"identity-service","timestamp":"2025-12-20T07:48:05.482Z"}
{"level":"info","message":"Connected to MongoDB","service":"identity-service","timestamp":"2025-12-20T07:48:07.670Z"}
{"level":"info","message":"Identity service running on 3001","service":"identity-service","timestamp":"2025-12-20T07:51:15.606Z"}
{"level":"info","message":"Connected to MongoDB","service":"identity-service","timestamp":"2025-12-20T07:51:20.693Z"}
{"level":"info","message":"Identity service running on 3001","service":"identity-service","timestamp":"2025-12-20T07:51:34.232Z"}
{"level":"info","message":"Connected to MongoDB","service":"identity-service","timestamp":"2025-12-20T07:51:36.261Z"}
{"level":"info","message":"Identity service running on 3001","service":"identity-service","timestamp":"2025-12-20T07:54:12.727Z"}
{"level":"info","message":"Connected to MongoDB","service":"identity-service","timestamp":"2025-12-20T07:54:15.208Z"}
{"level":"info","message":"Identity service running on 3001","service":"identity-service","timestamp":"2025-12-20T07:54:31.985Z"}
{"level":"info","message":"Connected to MongoDB","service":"identity-service","timestamp":"2025-12-20T07:54:34.148Z"}
{"level":"info","message":"Identity service running on 3001","service":"identity-service","timestamp":"2025-12-20T07:55:11.916Z"}
{"level":"info","message":"Connected to MongoDB","service":"identity-service","timestamp":"2025-12-20T07:55:14.018Z"}
{"level":"info","message":"Identity service running on 3001","service":"identity-service","timestamp":"2025-12-20T07:55:49.486Z"}
{"level":"info","message":"Connected to MongoDB","service":"identity-service","timestamp":"2025-12-20T07:55:51.938Z"}
{"level":"info","message":"Identity service running on 3001","service":"identity-service","timestamp":"2025-12-20T07:55:55.356Z"}
{"level":"info","message":"Connected to MongoDB","service":"identity-service","timestamp":"2025-12-20T07:55:57.351Z"}
{"level":"info","message":"Identity service running on 3001","service":"identity-service","timestamp":"2025-12-20T07:57:38.544Z"}
{"level":"info","message":"Connected to MongoDB","service":"identity-service","timestamp":"2025-12-20T07:57:41.401Z"}
{"level":"info","message":"Identity service running on 3001","service":"identity-service","timestamp":"2025-12-20T07:57:49.783Z"}
{"level":"info","message":"Connected to MongoDB","service":"identity-service","timestamp":"2025-12-20T07:57:52.087Z"}
{"level":"info","message":"Identity service running on 3001","service":"identity-service","timestamp":"2025-12-20T07:58:02.065Z"}
{"level":"info","message":"Connected to MongoDB","service":"identity-service","timestamp":"2025-12-20T07:58:04.498Z"}
{"level":"info","message":"Identity service running on 3001","service":"identity-service","timestamp":"2025-12-20T07:58:21.301Z"}
{"level":"info","message":"Connected to MongoDB","service":"identity-service","timestamp":"2025-12-20T07:58:23.323Z"}
{"level":"info","message":"Identity service running on 3001","service":"identity-service","timestamp":"2025-12-20T07:58:33.167Z"}
{"level":"info","message":"Connected to MongoDB","service":"identity-service","timestamp":"2025-12-20T07:58:35.292Z"}
{"level":"info","message":"Identity service running on 3001","service":"identity-service","timestamp":"2025-12-20T07:58:54.027Z"}
{"level":"info","message":"Connected to MongoDB","service":"identity-service","timestamp":"2025-12-20T07:58:56.325Z"}
{"level":"info","message":"Identity service running on 3001","service":"identity-service","timestamp":"2025-12-20T07:59:27.671Z"}
{"level":"info","message":"Connected to MongoDB","service":"identity-service","timestamp":"2025-12-20T07:59:29.919Z"}
{"level":"info","message":"Identity service running on 3001","service":"identity-service","timestamp":"2025-12-20T08:00:09.239Z"}
{"level":"info","message":"Connected to MongoDB","service":"identity-service","timestamp":"2025-12-20T08:00:12.182Z"}
{"level":"info","message":"Identity service running on 3001","service":"identity-service","timestamp":"2025-12-20T08:00:22.484Z"}
{"level":"info","message":"Connected to MongoDB","service":"identity-service","timestamp":"2025-12-20T08:00:24.719Z"}
{"level":"info","message":"Identity service running on 3001","service":"identity-service","timestamp":"2025-12-20T08:00:48.973Z"}
{"level":"info","message":"Connected to MongoDB","service":"identity-service","timestamp":"2025-12-20T08:00:51.030Z"}
{"level":"info","message":"Identity service running on 3001","service":"identity-service","timestamp":"2025-12-20T08:01:21.169Z"}
{"level":"info","message":"Connected to MongoDB","service":"identity-service","timestamp":"2025-12-20T08:01:23.855Z"}
{"level":"info","message":"Identity service running on 3001","service":"identity-service","timestamp":"2025-12-20T08:03:41.030Z"}
{"level":"info","message":"Connected to MongoDB","service":"identity-service","timestamp":"2025-12-20T08:03:43.600Z"}
{"level":"info","message":"Identity service running on 3001","service":"identity-service","timestamp":"2025-12-20T08:04:03.965Z"}
{"level":"info","message":"Connected to MongoDB","service":"identity-service","timestamp":"2025-12-20T08:04:06.266Z"}
{"level":"info","message":"Identity service running on 3001","service":"identity-service","timestamp":"2025-12-20T08:04:43.667Z"}
{"level":"info","message":"Connected to MongoDB","service":"identity-service","timestamp":"2025-12-20T08:04:49.265Z"}
{"level":"info","message":"Identity service running on 3001","service":"identity-service","timestamp":"2025-12-20T08:05:58.525Z"}
{"level":"info","message":"Connected to MongoDB","service":"identity-service","timestamp":"2025-12-20T08:06:01.055Z"}
{"level":"info","message":"Identity service running on 3001","service":"identity-service","timestamp":"2025-12-20T08:06:33.791Z"}
{"level":"info","message":"Identity service running on 3001","service":"identity-service","timestamp":"2025-12-20T08:06:38.312Z"}
{"level":"info","message":"Connected to MongoDB","service":"identity-service","timestamp":"2025-12-20T08:06:40.368Z"}
{"level":"info","message":"Identity service running on 3001","service":"identity-service","timestamp":"2025-12-20T08:06:47.649Z"}
{"level":"info","message":"Identity service running on 3001","service":"identity-service","timestamp":"2025-12-20T08:06:51.497Z"}
{"level":"info","message":"Connected to MongoDB","service":"identity-service","timestamp":"2025-12-20T08:06:53.681Z"}
{"level":"info","message":"Identity service running on 3001","service":"identity-service","timestamp":"2025-12-20T08:07:15.077Z"}
{"level":"info","message":"Connected to MongoDB","service":"identity-service","timestamp":"2025-12-20T08:07:17.354Z"}
{"level":"info","message":"Identity service running on 3001","service":"identity-service","timestamp":"2025-12-20T08:40:31.472Z"}
{"level":"info","message":"Connected to MongoDB","service":"identity-service","timestamp":"2025-12-20T08:40:37.931Z"}
{"level":"info","message":"Received POST request to /api/auth/login","service":"identity-service","timestamp":"2025-12-20T08:52:53.277Z"}
{"level":"info","message":"Request body, [object Object]","service":"identity-service","timestamp":"2025-12-20T08:52:53.278Z"}
{"level":"info","message":"Login endpoint hit.....","service":"identity-service","timestamp":"2025-12-20T08:52:53.283Z"}
{"level":"info","message":"Received POST request to /api/auth/login","service":"identity-service","timestamp":"2025-12-20T09:01:12.198Z"}
{"level":"info","message":"Request body, [object Object]","service":"identity-service","timestamp":"2025-12-20T09:01:12.199Z"}
{"level":"info","message":"Login endpoint hit.....","service":"identity-service","timestamp":"2025-12-20T09:01:12.206Z"}
{"level":"info","message":"Identity service running on 3001","service":"identity-service","timestamp":"2025-12-20T09:40:31.432Z"}
{"level":"info","message":"Connected to MongoDB","service":"identity-service","timestamp":"2025-12-20T09:40:36.527Z"}
{"level":"info","message":"Identity service running on 3001","service":"identity-service","timestamp":"2025-12-20T09:41:25.823Z"}
{"level":"info","message":"Connected to MongoDB","service":"identity-service","timestamp":"2025-12-20T09:41:28.422Z"}
{"level":"info","message":"Identity service running on 3001","service":"identity-service","timestamp":"2025-12-20T09:46:30.124Z"}
{"level":"info","message":"Connected to MongoDB","service":"identity-service","timestamp":"2025-12-20T09:46:33.242Z"}
{"level":"info","message":"Identity service running on 3001","service":"identity-service","timestamp":"2025-12-20T09:47:03.074Z"}
{"level":"info","message":"Connected to MongoDB","service":"identity-service","timestamp":"2025-12-20T09:47:05.718Z"}
{"level":"info","message":"Identity service running on 3001","service":"identity-service","timestamp":"2025-12-20T09:47:14.401Z"}
{"level":"info","message":"Connected to MongoDB","service":"identity-service","timestamp":"2025-12-20T09:47:16.690Z"}
{"level":"info","message":"Identity service running on 3001","service":"identity-service","timestamp":"2025-12-20T09:47:42.322Z"}
{"level":"info","message":"Connected to MongoDB","service":"identity-service","timestamp":"2025-12-20T09:47:45.664Z"}
{"level":"info","message":"Identity service running on 3001","service":"identity-service","timestamp":"2025-12-20T09:48:08.561Z"}
{"level":"info","message":"Connected to MongoDB","service":"identity-service","timestamp":"2025-12-20T09:48:12.093Z"}
{"level":"info","message":"Identity service running on 3001","service":"identity-service","timestamp":"2025-12-20T09:48:27.087Z"}
{"level":"info","message":"Connected to MongoDB","service":"identity-service","timestamp":"2025-12-20T09:48:30.094Z"}
{"level":"info","message":"Identity service running on 3001","service":"identity-service","timestamp":"2025-12-20T09:48:39.444Z"}
{"level":"info","message":"Connected to MongoDB","service":"identity-service","timestamp":"2025-12-20T09:48:41.669Z"}
{"level":"info","message":"Identity service running on 3001","service":"identity-service","timestamp":"2025-12-20T09:49:05.501Z"}
{"level":"info","message":"Connected to MongoDB","service":"identity-service","timestamp":"2025-12-20T09:49:08.076Z"}
{"level":"info","message":"Identity service running on 3001","service":"identity-service","timestamp":"2025-12-20T09:49:20.240Z"}
{"level":"info","message":"Connected to MongoDB","service":"identity-service","timestamp":"2025-12-20T09:49:22.669Z"}
{"level":"info","message":"Identity service running on 3001","service":"identity-service","timestamp":"2025-12-20T09:49:44.225Z"}
{"level":"info","message":"Connected to MongoDB","service":"identity-service","timestamp":"2025-12-20T09:49:46.474Z"}
{"level":"info","message":"Identity service running on 3001","service":"identity-service","timestamp":"2025-12-20T09:50:05.361Z"}
{"level":"info","message":"Connected to MongoDB","service":"identity-service","timestamp":"2025-12-20T09:50:10.135Z"}
{"level":"info","message":"Identity service running on 3001","service":"identity-service","timestamp":"2025-12-20T09:50:55.151Z"}
{"level":"info","message":"Connected to MongoDB","service":"identity-service","timestamp":"2025-12-20T09:50:57.773Z"}
{"level":"info","message":"Identity service running on 3001","service":"identity-service","timestamp":"2025-12-20T09:51:50.774Z"}
{"level":"info","message":"Connected to MongoDB","service":"identity-service","timestamp":"2025-12-20T09:51:53.374Z"}
{"level":"info","message":"Identity service running on 3001","service":"identity-service","timestamp":"2025-12-20T09:52:48.950Z"}
{"level":"info","message":"Connected to MongoDB","service":"identity-service","timestamp":"2025-12-20T09:52:53.248Z"}
{"level":"info","message":"Identity service running on 3001","service":"identity-service","timestamp":"2025-12-20T09:53:06.128Z"}
{"level":"info","message":"Identity service running on 3001","service":"identity-service","timestamp":"2025-12-20T09:53:11.594Z"}
{"level":"info","message":"Connected to MongoDB","service":"identity-service","timestamp":"2025-12-20T09:53:15.814Z"}
{"level":"info","message":"Identity service running on 3001","service":"identity-service","timestamp":"2025-12-20T09:54:20.181Z"}
{"level":"info","message":"Connected to MongoDB","service":"identity-service","timestamp":"2025-12-20T09:54:22.882Z"}
{"level":"info","message":"Identity service running on 3001","service":"identity-service","timestamp":"2025-12-20T09:55:33.868Z"}
{"level":"info","message":"Connected to MongoDB","service":"identity-service","timestamp":"2025-12-20T09:55:36.496Z"}
{"level":"info","message":"Identity service running on 3001","service":"identity-service","timestamp":"2025-12-20T09:55:53.689Z"}
{"level":"info","message":"Connected to MongoDB","service":"identity-service","timestamp":"2025-12-20T09:55:56.145Z"}
{"level":"info","message":"Identity service running on 3001","service":"identity-service","timestamp":"2025-12-20T09:59:43.926Z"}
{"level":"info","message":"Connected to MongoDB","service":"identity-service","timestamp":"2025-12-20T09:59:46.940Z"}
{"level":"info","message":"Identity service running on 3001","service":"identity-service","timestamp":"2025-12-20T10:00:32.427Z"}
{"level":"info","message":"Connected to MongoDB","service":"identity-service","timestamp":"2025-12-20T10:00:34.565Z"}
{"level":"info","message":"Identity service running on 3001","service":"identity-service","timestamp":"2025-12-20T10:00:39.827Z"}
{"level":"info","message":"Connected to MongoDB","service":"identity-service","timestamp":"2025-12-20T10:00:41.873Z"}
{"level":"info","message":"Identity service running on 3001","service":"identity-service","timestamp":"2025-12-20T10:00:53.276Z"}
{"level":"info","message":"Connected to MongoDB","service":"identity-service","timestamp":"2025-12-20T10:00:56.112Z"}
{"level":"info","message":"Identity service running on 3001","service":"identity-service","timestamp":"2025-12-20T10:01:08.790Z"}
{"level":"info","message":"Connected to MongoDB","service":"identity-service","timestamp":"2025-12-20T10:01:11.224Z"}
{"level":"info","message":"Identity service running on 3001","service":"identity-service","timestamp":"2025-12-20T10:01:59.984Z"}
{"level":"info","message":"Connected to MongoDB","service":"identity-service","timestamp":"2025-12-20T10:02:03.235Z"}
{"level":"info","message":"Identity service running on 3001","service":"identity-service","timestamp":"2025-12-20T10:02:33.831Z"}
{"level":"info","message":"Connected to MongoDB","service":"identity-service","timestamp":"2025-12-20T10:02:36.319Z"}
{"level":"info","message":"Identity service running on 3001","service":"identity-service","timestamp":"2025-12-20T10:03:29.339Z"}
{"level":"info","message":"Connected to MongoDB","service":"identity-service","timestamp":"2025-12-20T10:03:32.451Z"}
{"level":"info","message":"Identity service running on 3001","service":"identity-service","timestamp":"2025-12-20T10:04:02.709Z"}
{"level":"info","message":"Connected to MongoDB","service":"identity-service","timestamp":"2025-12-20T10:04:05.329Z"}
{"level":"info","message":"Identity service running on 3001","service":"identity-service","timestamp":"2025-12-20T10:04:36.258Z"}
{"level":"info","message":"Connected to MongoDB","service":"identity-service","timestamp":"2025-12-20T10:04:39.703Z"}
{"level":"info","message":"Identity service running on 3001","service":"identity-service","timestamp":"2025-12-20T10:04:45.089Z"}
{"level":"info","message":"Connected to MongoDB","service":"identity-service","timestamp":"2025-12-20T10:04:47.588Z"}
{"level":"info","message":"Identity service running on 3001","service":"identity-service","timestamp":"2025-12-20T10:04:59.124Z"}
{"level":"info","message":"Connected to MongoDB","service":"identity-service","timestamp":"2025-12-20T10:05:02.143Z"}
{"level":"info","message":"Identity service running on 3001","service":"identity-service","timestamp":"2025-12-20T10:05:26.165Z"}
{"level":"info","message":"Connected to MongoDB","service":"identity-service","timestamp":"2025-12-20T10:05:28.452Z"}
{"level":"info","message":"Identity service running on 3001","service":"identity-service","timestamp":"2025-12-20T10:06:29.715Z"}
{"level":"info","message":"Connected to MongoDB","service":"identity-service","timestamp":"2025-12-20T10:06:32.069Z"}
{"level":"info","message":"Identity service running on 3001","service":"identity-service","timestamp":"2025-12-20T10:07:20.463Z"}
{"level":"info","message":"Connected to MongoDB","service":"identity-service","timestamp":"2025-12-20T10:07:22.717Z"}
{"level":"info","message":"Identity service running on 3001","service":"identity-service","timestamp":"2025-12-20T10:07:37.547Z"}
{"level":"info","message":"Connected to MongoDB","service":"identity-service","timestamp":"2025-12-20T10:07:39.927Z"}
{"level":"info","message":"Identity service running on 3001","service":"identity-service","timestamp":"2025-12-20T10:08:04.401Z"}
{"level":"info","message":"Connected to MongoDB","service":"identity-service","timestamp":"2025-12-20T10:08:06.562Z"}
{"level":"info","message":"Identity service running on 3001","service":"identity-service","timestamp":"2025-12-20T10:08:29.743Z"}
{"level":"info","message":"Connected to MongoDB","service":"identity-service","timestamp":"2025-12-20T10:08:31.853Z"}
{"level":"info","message":"Identity service running on 3001","service":"identity-service","timestamp":"2025-12-20T10:08:42.146Z"}
{"level":"info","message":"Connected to MongoDB","service":"identity-service","timestamp":"2025-12-20T10:08:44.434Z"}
{"level":"info","message":"Identity service running on 3001","service":"identity-service","timestamp":"2025-12-20T10:08:54.074Z"}
{"level":"info","message":"Connected to MongoDB","service":"identity-service","timestamp":"2025-12-20T10:08:56.840Z"}
{"level":"info","message":"Identity service running on 3001","service":"identity-service","timestamp":"2025-12-20T10:09:11.517Z"}
{"level":"info","message":"Connected to MongoDB","service":"identity-service","timestamp":"2025-12-20T10:09:13.953Z"}
{"level":"info","message":"Identity service running on 3001","service":"identity-service","timestamp":"2025-12-20T10:09:36.433Z"}
{"level":"info","message":"Connected to MongoDB","service":"identity-service","timestamp":"2025-12-20T10:09:38.758Z"}
{"level":"info","message":"Identity service running on 3001","service":"identity-service","timestamp":"2025-12-20T10:09:55.984Z"}
{"level":"info","message":"Connected to MongoDB","service":"identity-service","timestamp":"2025-12-20T10:09:58.775Z"}
{"level":"info","message":"Identity service running on 3001","service":"identity-service","timestamp":"2025-12-20T10:10:27.047Z"}
{"level":"info","message":"Connected to MongoDB","service":"identity-service","timestamp":"2025-12-20T10:10:29.515Z"}
{"level":"info","message":"Identity service running on 3001","service":"identity-service","timestamp":"2025-12-20T10:10:49.571Z"}
{"level":"info","message":"Connected to MongoDB","service":"identity-service","timestamp":"2025-12-20T10:10:51.745Z"}
{"level":"info","message":"Identity service running on 3001","service":"identity-service","timestamp":"2025-12-20T10:11:05.026Z"}
{"level":"info","message":"Connected to MongoDB","service":"identity-service","timestamp":"2025-12-20T10:11:07.383Z"}
{"level":"info","message":"Identity service running on 3001","service":"identity-service","timestamp":"2025-12-20T10:54:14.341Z"}
{"level":"info","message":"Connected to MongoDB","service":"identity-service","timestamp":"2025-12-20T10:54:17.113Z"}
{"level":"info","message":"Identity service running on 3001","service":"identity-service","timestamp":"2025-12-20T10:57:05.273Z"}
{"level":"info","message":"Connected to MongoDB","service":"identity-service","timestamp":"2025-12-20T10:57:08.093Z"}
{"level":"info","message":"Identity service running on 3001","service":"identity-service","timestamp":"2025-12-20T11:07:11.737Z"}
{"level":"info","message":"Connected to MongoDB","service":"identity-service","timestamp":"2025-12-20T11:07:15.853Z"}
{"level":"info","message":"Identity service running on 3001","service":"identity-service","timestamp":"2025-12-20T11:08:22.561Z"}
{"level":"info","message":"Connected to MongoDB","service":"identity-service","timestamp":"2025-12-20T11:08:25.232Z"}
{"level":"info","message":"Identity service running on 3001","service":"identity-service","timestamp":"2025-12-20T11:17:10.723Z"}
{"level":"info","message":"Connected to MongoDB","service":"identity-service","timestamp":"2025-12-20T11:17:13.758Z"}
{"level":"info","message":"Identity service running on 3001","service":"identity-service","timestamp":"2025-12-20T11:20:42.208Z"}
{"level":"info","message":"Connected to MongoDB","service":"identity-service","timestamp":"2025-12-20T11:20:48.290Z"}
{"level":"info","message":"Identity service running on 3001","service":"identity-service","timestamp":"2025-12-20T11:26:34.588Z"}
{"level":"info","message":"Connected to MongoDB","service":"identity-service","timestamp":"2025-12-20T11:26:40.004Z"}
{"level":"info","message":"Identity service running on 3001","service":"identity-service","timestamp":"2025-12-20T11:26:42.899Z"}
{"level":"info","message":"Connected to MongoDB","service":"identity-service","timestamp":"2025-12-20T11:26:45.104Z"}
{"level":"info","message":"Identity service running on 3001","service":"identity-service","timestamp":"2025-12-20T11:26:55.340Z"}
{"level":"info","message":"Connected to MongoDB","service":"identity-service","timestamp":"2025-12-20T11:26:57.821Z"}
{"level":"info","message":"Identity service running on 3001","service":"identity-service","timestamp":"2025-12-20T11:27:14.291Z"}
{"level":"info","message":"Connected to MongoDB","service":"identity-service","timestamp":"2025-12-20T11:27:17.272Z"}
{"level":"info","message":"Identity service running on 3001","service":"identity-service","timestamp":"2025-12-20T11:27:21.618Z"}
{"level":"info","message":"Connected to MongoDB","service":"identity-service","timestamp":"2025-12-20T11:27:23.717Z"}
{"level":"info","message":"Identity service running on 3001","service":"identity-service","timestamp":"2025-12-20T11:27:40.364Z"}
{"level":"info","message":"Connected to MongoDB","service":"identity-service","timestamp":"2025-12-20T11:27:43.700Z"}
{"level":"info","message":"Identity service running on 3001","service":"identity-service","timestamp":"2025-12-20T11:27:49.671Z"}
{"level":"info","message":"Connected to MongoDB","service":"identity-service","timestamp":"2025-12-20T11:27:52.380Z"}
{"level":"info","message":"Identity service running on 3001","service":"identity-service","timestamp":"2025-12-20T11:28:21.540Z"}
{"level":"info","message":"Connected to MongoDB","service":"identity-service","timestamp":"2025-12-20T11:28:23.969Z"}
{"level":"info","message":"Identity service running on 3001","service":"identity-service","timestamp":"2025-12-20T11:28:37.184Z"}
{"level":"info","message":"Connected to MongoDB","service":"identity-service","timestamp":"2025-12-20T11:28:39.281Z"}
{"level":"info","message":"Identity service running on 3001","service":"identity-service","timestamp":"2025-12-20T11:29:34.324Z"}
{"level":"info","message":"Connected to MongoDB","service":"identity-service","timestamp":"2025-12-20T11:29:48.830Z"}
{"level":"info","message":"Identity service running on 3001","service":"identity-service","timestamp":"2025-12-20T11:30:12.057Z"}
{"level":"info","message":"Identity service running on 3001","service":"identity-service","timestamp":"2025-12-20T11:30:22.886Z"}
{"level":"info","message":"Connected to MongoDB","service":"identity-service","timestamp":"2025-12-20T11:30:31.572Z"}
{"level":"info","message":"Identity service running on 3001","service":"identity-service","timestamp":"2025-12-20T11:31:29.094Z"}
{"level":"info","message":"Connected to MongoDB","service":"identity-service","timestamp":"2025-12-20T11:31:34.834Z"}
{"level":"info","message":"Identity service running on 3001","service":"identity-service","timestamp":"2025-12-20T11:31:53.319Z"}
{"level":"info","message":"Identity service running on 3001","service":"identity-service","timestamp":"2025-12-20T11:32:00.648Z"}
{"level":"info","message":"Connected to MongoDB","service":"identity-service","timestamp":"2025-12-20T11:32:03.372Z"}
{"level":"info","message":"Identity service running on 3001","service":"identity-service","timestamp":"2025-12-20T11:33:20.103Z"}
{"level":"info","message":"Connected to MongoDB","service":"identity-service","timestamp":"2025-12-20T11:33:24.559Z"}
{"level":"info","message":"Identity service running on 3001","service":"identity-service","timestamp":"2025-12-20T11:33:29.357Z"}
{"level":"info","message":"Connected to MongoDB","service":"identity-service","timestamp":"2025-12-20T11:33:31.464Z"}
{"level":"info","message":"Identity service running on 3001","service":"identity-service","timestamp":"2025-12-20T11:33:44.165Z"}
{"level":"info","message":"Connected to MongoDB","service":"identity-service","timestamp":"2025-12-20T11:34:01.451Z"}
{"level":"info","message":"Identity service running on 3001","service":"identity-service","timestamp":"2025-12-20T11:35:33.060Z"}
{"level":"info","message":"Connected to MongoDB","service":"identity-service","timestamp":"2025-12-20T11:35:35.745Z"}
{"level":"info","message":"Identity service running on 3001","service":"identity-service","timestamp":"2025-12-20T11:36:03.929Z"}
{"level":"info","message":"Connected to MongoDB","service":"identity-service","timestamp":"2025-12-20T11:36:06.271Z"}
{"level":"info","message":"Received POST request to /api/auth/register","service":"identity-service","timestamp":"2025-12-20T11:44:07.465Z"}
{"level":"info","message":"Request body, [object Object]","service":"identity-service","timestamp":"2025-12-20T11:44:07.467Z"}
{"level":"info","message":"Registration endpoint hit","service":"identity-service","timestamp":"2025-12-20T11:44:07.483Z"}
{"0":"\"","1":"p","10":" ","11":"l","12":"e","13":"n","14":"g","15":"t","16":"h","17":" ","18":"m","19":"u","2":"a","20":"s","21":"t","22":" ","23":"b","24":"e","25":" ","26":"a","27":"t","28":" ","29":"l","3":"s","30":"e","31":"a","32":"s","33":"t","34":" ","35":"6","36":" ","37":"c","38":"h","39":"a","4":"s","40":"r","41":"a","42":"c","43":"t","44":"e","45":"r","46":"s","47":" ","48":"l","49":"o","5":"w","50":"n","51":"g","6":"o","7":"r","8":"d","9":"\"","level":"warn","message":"Validation error","service":"identity-service","timestamp":"2025-12-20T11:44:07.498Z"}
{"level":"info","message":"Received POST request to /api/auth/register","service":"identity-service","timestamp":"2025-12-20T11:44:42.967Z"}
{"level":"info","message":"Request body, [object Object]","service":"identity-service","timestamp":"2025-12-20T11:44:42.971Z"}
{"level":"info","message":"Registration endpoint hit","service":"identity-service","timestamp":"2025-12-20T11:44:42.973Z"}
{"buffer":{"data":[105,70,140,44,205,81,101,207,199,242,201,176],"type":"Buffer"},"level":"info","message":"User saved successfully.","service":"identity-service","timestamp":"2025-12-20T11:44:44.795Z"}
{"level":"info","message":"Received POST request to /api/auth/login","service":"identity-service","timestamp":"2025-12-20T11:44:59.500Z"}
{"level":"info","message":"Request body, [object Object]","service":"identity-service","timestamp":"2025-12-20T11:44:59.501Z"}
{"level":"info","message":"Login endpoint hit.....","service":"identity-service","timestamp":"2025-12-20T11:44:59.505Z"}
{"level":"warn","message":"Invalid user","service":"identity-service","timestamp":"2025-12-20T11:44:59.742Z"}
{"level":"info","message":"Received POST request to /api/auth/login","service":"identity-service","timestamp":"2025-12-20T11:45:15.032Z"}
{"level":"info","message":"Request body, [object Object]","service":"identity-service","timestamp":"2025-12-20T11:45:15.033Z"}
{"level":"info","message":"Login endpoint hit.....","service":"identity-service","timestamp":"2025-12-20T11:45:15.037Z"}
{"level":"info","message":"Identity service running on 3001","service":"identity-service","timestamp":"2025-12-23T17:47:45.497Z"}
{"level":"info","message":"Connected to MongoDB","service":"identity-service","timestamp":"2025-12-23T17:47:48.473Z"}
{"level":"info","message":"Received POST request to /api/auth/register","service":"identity-service","timestamp":"2025-12-23T17:47:55.829Z"}
{"level":"info","message":"Request body, [object Object]","service":"identity-service","timestamp":"2025-12-23T17:47:55.831Z"}
{"level":"info","message":"Registration endpoint hit","service":"identity-service","timestamp":"2025-12-23T17:47:55.841Z"}
{"buffer":{"data":[105,74,213,204,33,224,99,76,29,103,187,102],"type":"Buffer"},"level":"info","message":"User saved successfully.","service":"identity-service","timestamp":"2025-12-23T17:47:56.415Z"}
{"level":"info","message":"Received POST request to /api/auth/login","service":"identity-service","timestamp":"2025-12-23T17:48:05.459Z"}
{"level":"info","message":"Request body, [object Object]","service":"identity-service","timestamp":"2025-12-23T17:48:05.461Z"}
{"level":"info","message":"Login endpoint hit.....","service":"identity-service","timestamp":"2025-12-23T17:48:05.463Z"}
{"level":"info","message":"Identity service running on 3001","service":"identity-service","timestamp":"2025-12-24T08:24:02.903Z"}
{"level":"info","message":"Connected to MongoDB","service":"identity-service","timestamp":"2025-12-24T08:24:05.064Z"}
{"level":"info","message":"Received POST request to /api/auth/login","service":"identity-service","timestamp":"2025-12-24T08:26:21.988Z"}
{"level":"info","message":"Request body, [object Object]","service":"identity-service","timestamp":"2025-12-24T08:26:21.990Z"}
{"level":"info","message":"Login endpoint hit.....","service":"identity-service","timestamp":"2025-12-24T08:26:21.996Z"}
{"level":"info","message":"Received POST request to /api/auth/login","service":"identity-service","timestamp":"2025-12-24T10:55:26.150Z"}
{"level":"info","message":"Request body, [object Object]","service":"identity-service","timestamp":"2025-12-24T10:55:26.181Z"}
{"level":"info","message":"Login endpoint hit.....","service":"identity-service","timestamp":"2025-12-24T10:55:26.207Z"}
{"level":"info","message":"Received POST request to /api/auth/login","service":"identity-service","timestamp":"2025-12-24T12:46:44.812Z"}
{"level":"info","message":"Request body, [object Object]","service":"identity-service","timestamp":"2025-12-24T12:46:44.849Z"}
{"level":"info","message":"Login endpoint hit.....","service":"identity-service","timestamp":"2025-12-24T12:46:44.884Z"}
{"level":"info","message":"Identity service running on 3001","service":"identity-service","timestamp":"2025-12-24T13:24:29.461Z"}
{"level":"info","message":"Identity service running on 3001","service":"identity-service","timestamp":"2025-12-25T08:06:37.134Z"}
{"level":"info","message":"Connected to MongoDB","service":"identity-service","timestamp":"2025-12-25T08:06:46.250Z"}
{"level":"info","message":"Received POST request to /api/auth/login","service":"identity-service","timestamp":"2025-12-25T08:07:12.537Z"}
{"level":"info","message":"Request body, [object Object]","service":"identity-service","timestamp":"2025-12-25T08:07:12.539Z"}
{"level":"info","message":"Login endpoint hit.....","service":"identity-service","timestamp":"2025-12-25T08:07:12.547Z"}
{"level":"info","message":"Received POST request to /api/auth/login","service":"identity-service","timestamp":"2025-12-25T10:39:21.799Z"}
{"level":"info","message":"Request body, [object Object]","service":"identity-service","timestamp":"2025-12-25T10:39:21.828Z"}
{"level":"info","message":"Login endpoint hit.....","service":"identity-service","timestamp":"2025-12-25T10:39:21.864Z"}
{"level":"info","message":"Received POST request to /api/auth/login","service":"identity-service","timestamp":"2025-12-25T11:42:40.744Z"}
{"level":"info","message":"Request body, [object Object]","service":"identity-service","timestamp":"2025-12-25T11:42:40.753Z"}
{"level":"info","message":"Login endpoint hit.....","service":"identity-service","timestamp":"2025-12-25T11:42:40.772Z"}
{"level":"info","message":"Identity service running on 3001","service":"identity-service","timestamp":"2025-12-25T12:29:10.618Z"}
{"level":"info","message":"Identity service running on 3001","service":"identity-service","timestamp":"2025-12-26T00:00:43.828Z"}
{"level":"info","message":"Connected to MongoDB","service":"identity-service","timestamp":"2025-12-26T00:00:48.528Z"}
{"level":"info","message":"Received POST request to /api/auth/login","service":"identity-service","timestamp":"2025-12-26T00:03:31.708Z"}
{"level":"info","message":"Request body, [object Object]","service":"identity-service","timestamp":"2025-12-26T00:03:31.710Z"}
{"level":"info","message":"Login endpoint hit.....","service":"identity-service","timestamp":"2025-12-26T00:03:31.757Z"}
{"level":"info","message":"Received POST request to /api/auth/login","service":"identity-service","timestamp":"2025-12-26T01:33:39.138Z"}
{"level":"info","message":"Request body, [object Object]","service":"identity-service","timestamp":"2025-12-26T01:33:39.172Z"}
{"level":"info","message":"Login endpoint hit.....","service":"identity-service","timestamp":"2025-12-26T01:33:39.199Z"}
{"level":"info","message":"Received POST request to /api/auth/login","service":"identity-service","timestamp":"2025-12-26T04:01:46.435Z"}
{"level":"info","message":"Request body, [object Object]","service":"identity-service","timestamp":"2025-12-26T04:01:46.448Z"}
{"level":"info","message":"Login endpoint hit.....","service":"identity-service","timestamp":"2025-12-26T04:01:46.463Z"}
{"level":"info","message":"Received POST request to /api/auth/login","service":"identity-service","timestamp":"2025-12-26T05:01:14.221Z"}
{"level":"info","message":"Request body, [object Object]","service":"identity-service","timestamp":"2025-12-26T05:01:14.227Z"}
{"level":"info","message":"Login endpoint hit.....","service":"identity-service","timestamp":"2025-12-26T05:01:14.234Z"}
{"level":"info","message":"Identity service running on 3001","service":"identity-service","timestamp":"2025-12-26T11:27:01.045Z"}
{"level":"info","message":"Connected to MongoDB","service":"identity-service","timestamp":"2025-12-26T11:27:03.911Z"}
{"level":"info","message":"Received POST request to /api/auth/login","service":"identity-service","timestamp":"2025-12-26T11:27:27.603Z"}
{"level":"info","message":"Request body, [object Object]","service":"identity-service","timestamp":"2025-12-26T11:27:27.604Z"}
{"level":"info","message":"Login endpoint hit.....","service":"identity-service","timestamp":"2025-12-26T11:27:27.611Z"}
{"level":"info","message":"Identity service running on 3001","service":"identity-service","timestamp":"2025-12-26T18:17:16.782Z"}
{"level":"info","message":"Connected to MongoDB","service":"identity-service","timestamp":"2025-12-26T18:17:19.118Z"}
{"level":"info","message":"Identity service running on 3001","service":"identity-service","timestamp":"2025-12-27T03:08:47.221Z"}
{"level":"info","message":"Connected to MongoDB","service":"identity-service","timestamp":"2025-12-27T03:08:49.218Z"}
{"level":"info","message":"Received POST request to /api/auth/login","service":"identity-service","timestamp":"2025-12-27T03:09:28.475Z"}
{"level":"info","message":"Request body, [object Object]","service":"identity-service","timestamp":"2025-12-27T03:09:28.476Z"}
{"level":"info","message":"Login endpoint hit.....","service":"identity-service","timestamp":"2025-12-27T03:09:28.487Z"}
